2024-05-16 20:43:22 - Starting Application using Java 17.0.10 on alejandro-MAX-L5 with PID 2302499 (/home/alejandro/Escritorio/SpringBoot 8 Angular/netflix-clone/build/classes/java/main started by alejandro in /home/alejandro/Escritorio/SpringBoot 8 Angular/netflix-clone)
2024-05-16 20:43:22 - No active profile set, falling back to 1 default profile: "default"
2024-05-16 20:43:23 - Bootstrapping Spring Data JPA repositories in DEFAULT mode.
2024-05-16 20:43:23 - Finished Spring Data repository scanning in 55 ms. Found 3 JPA repository interfaces.
2024-05-16 20:43:24 - Tomcat initialized with port(s): 8080 (http)
2024-05-16 20:43:24 - Initializing ProtocolHandler ["http-nio-8080"]
2024-05-16 20:43:24 - Starting service [Tomcat]
2024-05-16 20:43:24 - Starting Servlet engine: [Apache Tomcat/9.0.60]
2024-05-16 20:43:24 - Initializing Spring embedded WebApplicationContext
2024-05-16 20:43:24 - Root WebApplicationContext: initialization completed in 1475 ms
2024-05-16 20:43:24 - HHH000204: Processing PersistenceUnitInfo [name: default]
2024-05-16 20:43:24 - HHH000412: Hibernate ORM core version 5.6.7.Final
2024-05-16 20:43:24 - HCANN000001: Hibernate Commons Annotations {5.1.2.Final}
2024-05-16 20:43:24 - HikariPool-1 - Starting...
2024-05-16 20:43:25 - HikariPool-1 - Start completed.
2024-05-16 20:43:25 - HHH000400: Using dialect: org.hibernate.dialect.PostgreSQLDialect
2024-05-16 20:43:25 - HHH000490: Using JtaPlatform implementation: [org.hibernate.engine.transaction.jta.platform.internal.NoJtaPlatform]
2024-05-16 20:43:25 - Initialized JPA EntityManagerFactory for persistence unit 'default'
2024-05-16 20:43:26 - spring.jpa.open-in-view is enabled by default. Therefore, database queries may be performed during view rendering. Explicitly configure spring.jpa.open-in-view to disable this warning
2024-05-16 20:43:26 - 

Using generated security password: 5473072b-24c1-4167-8b2c-2bfc20764094

This generated password is for development use only. Your security configuration must be updated before running your application in production.

2024-05-16 20:43:27 - Will not secure any request
2024-05-16 20:43:27 - Starting ProtocolHandler ["http-nio-8080"]
2024-05-16 20:43:27 - Tomcat started on port(s): 8080 (http) with context path ''
2024-05-16 20:43:27 - Started Application in 4.652 seconds (JVM running for 4.944)
2024-05-16 20:48:06 - Closing JPA EntityManagerFactory for persistence unit 'default'
2024-05-16 20:48:06 - HikariPool-1 - Shutdown initiated...
2024-05-16 20:48:06 - HikariPool-1 - Shutdown completed.
2024-05-16 20:50:35 - Starting Application using Java 17.0.10 on alejandro-MAX-L5 with PID 2308686 (/home/alejandro/Escritorio/SpringBoot 8 Angular/netflix-clone/build/classes/java/main started by alejandro in /home/alejandro/Escritorio/SpringBoot 8 Angular/netflix-clone)
2024-05-16 20:50:35 - No active profile set, falling back to 1 default profile: "default"
2024-05-16 20:50:35 - Bootstrapping Spring Data JPA repositories in DEFAULT mode.
2024-05-16 20:50:35 - Finished Spring Data repository scanning in 41 ms. Found 3 JPA repository interfaces.
2024-05-16 20:50:36 - Tomcat initialized with port(s): 8080 (http)
2024-05-16 20:50:36 - Initializing ProtocolHandler ["http-nio-8080"]
2024-05-16 20:50:36 - Starting service [Tomcat]
2024-05-16 20:50:36 - Starting Servlet engine: [Apache Tomcat/9.0.60]
2024-05-16 20:50:36 - Initializing Spring embedded WebApplicationContext
2024-05-16 20:50:36 - Root WebApplicationContext: initialization completed in 1051 ms
2024-05-16 20:50:36 - HHH000204: Processing PersistenceUnitInfo [name: default]
2024-05-16 20:50:36 - HHH000412: Hibernate ORM core version 5.6.7.Final
2024-05-16 20:50:36 - HCANN000001: Hibernate Commons Annotations {5.1.2.Final}
2024-05-16 20:50:36 - HikariPool-1 - Starting...
2024-05-16 20:50:36 - HikariPool-1 - Start completed.
2024-05-16 20:50:36 - HHH000400: Using dialect: org.hibernate.dialect.PostgreSQLDialect
2024-05-16 20:50:37 - HHH000490: Using JtaPlatform implementation: [org.hibernate.engine.transaction.jta.platform.internal.NoJtaPlatform]
2024-05-16 20:50:37 - Initialized JPA EntityManagerFactory for persistence unit 'default'
2024-05-16 20:50:38 - spring.jpa.open-in-view is enabled by default. Therefore, database queries may be performed during view rendering. Explicitly configure spring.jpa.open-in-view to disable this warning
2024-05-16 20:50:38 - 

Using generated security password: df4a28b0-87a6-4e7b-bb51-64fc8722e93f

This generated password is for development use only. Your security configuration must be updated before running your application in production.

2024-05-16 20:50:38 - Will not secure any request
2024-05-16 20:50:39 - Starting ProtocolHandler ["http-nio-8080"]
2024-05-16 20:50:39 - Tomcat started on port(s): 8080 (http) with context path ''
2024-05-16 20:50:39 - Started Application in 4.386 seconds (JVM running for 4.666)
2024-05-16 20:51:05 - Initializing Spring DispatcherServlet 'dispatcherServlet'
2024-05-16 20:51:05 - Initializing Servlet 'dispatcherServlet'
2024-05-16 20:51:05 - Completed initialization in 1 ms
2024-05-16 20:52:36 - Closing JPA EntityManagerFactory for persistence unit 'default'
2024-05-16 20:52:36 - HikariPool-1 - Shutdown initiated...
2024-05-16 20:52:36 - HikariPool-1 - Shutdown completed.
